TangShiSongCI/proguard/seeds.txt
android.support.v7.internal.widget.TintRadioButton: void setButtonDrawable(int)
android.support.v7.internal.widget.ViewStubCompat
android.support.v7.internal.widget.ViewStubCompat: ViewStubCompat(android.content.Context,android.util.AttributeSet)
android.support.v7.internal.widget.ViewStubCompat: ViewStubCompat(android.content.Context,android.util.AttributeSet,int)
android.support.v7.internal.widget.ViewStubCompat: int getInflatedId()
android.support.v7.internal.widget.ViewStubCompat: void setInflatedId(int)
android.support.v7.internal.widget.ViewStubCompat: int getLayoutResource()
android.support.v7.internal.widget.ViewStubCompat: void setLayoutResource(int)
android.support.v7.internal.widget.ViewStubCompat: void setLayoutInflater(android.view.LayoutInflater)
android.support.v7.internal.widget.ViewStubCompat: android.view.LayoutInflater getLayoutInflater()
android.support.v7.internal.widget.ViewStubCompat: void setVisibility(int)
android.support.v7.internal.widget.ViewStubCompat: void setOnInflateListener(android.support.v7.internal.widget.ViewStubCompat$OnInflateListener)
android.support.v7.widget.ActionMenuPresenter$SavedState
android.support.v7.widget.ActionMenuPresenter$SavedState: android.os.Parcelable$Creator CREATOR
android.support.v7.widget.ActionMenuView
android.support.v7.widget.ActionMenuView: ActionMenuView(android.content.Context)
android.support.v7.widget.ActionMenuView: ActionMenuView(android.content.Context,android.util.AttributeSet)
android.support.v7.widget.ActionMenuView: void setPopupTheme(int)
android.support.v7.widget.ActionMenuView: int getPopupTheme()
android.support.v7.widget.ActionMenuView: void setPresenter(android.support.v7.widget.ActionMenuPresenter)
android.support.v7.widget.ActionMenuView: void setOnMenuItemClickListener(android.support.v7.widget.ActionMenuView$OnMenuItemClickListener)
android.support.v7.widget.ActionMenuView: void setOverflowReserved(boolean)
android.support.v7.widget.ActionMenuView: int getWindowAnimations()
android.support.v7.widget.ActionMenuView: android.view.Menu getMenu()
android.support.v7.widget.ActionMenuView: void setExpandedActionViewsExclusive(boolean)
android.support.v7.widget.LinearLayoutCompat
android.support.v7.widget.LinearLayoutCompat: LinearLayoutCompat(android.content.Context)
android.support.v7.widget.LinearLayoutCompat: LinearLayoutCompat(android.content.Context,android.util.AttributeSet)
android.support.v7.widget.LinearLayoutCompat: LinearLayoutCompat(android.content.Context,android.util.AttributeSet,int)
android.support.v7.widget.LinearLayoutCompat: void setShowDividers(int)
android.support.v7.widget.LinearLayoutCompat: int getShowDividers()
android.support.v7.widget.LinearLayoutCompat: android.graphics.drawable.Drawable getDividerDrawable()
android.support.v7.widget.LinearLayoutCompat: void setDividerDrawable(android.graphics.drawable.Drawable)
android.support.v7.widget.LinearLayoutCompat: void setDividerPadding(int)
android.support.v7.widget.LinearLayoutCompat: int getDividerPadding()
android.support.v7.widget.LinearLayoutCompat: int getDividerWidth()
android.support.v7.widget.LinearLayoutCompat: void setBaselineAligned(boolean)
android.support.v7.widget.LinearLayoutCompat: void setMeasureWithLargestChildEnabled(boolean)
android.support.v7.widget.LinearLayoutCompat: int getBaseline()
android.support.v7.widget.LinearLayoutCompat: int getBaselineAlignedChildIndex()
android.support.v7.widget.LinearLayoutCompat: void setBaselineAlignedChildIndex(int)
android.support.v7.widget.LinearLayoutCompat: int getVirtualChildCount()
android.support.v7.widget.LinearLayoutCompat: float getWeightSum()