TangShiSongCI/proguard/mapping.txt
android.support.v4.app.ActivityCompatHoneycomb -> android.support.v4.app.c:
    void invalidateOptionsMenu(android.app.Activity) -> a
android.support.v4.app.ActivityCompatJB -> android.support.v4.app.d:
    void finishAffinity(android.app.Activity) -> a
android.support.v4.app.BackStackRecord -> android.support.v4.app.e:
    android.support.v4.app.FragmentManagerImpl mManager -> a
    android.support.v4.app.BackStackRecord$Op mHead -> b
    android.support.v4.app.BackStackRecord$Op mTail -> c
    int mNumOp -> d
    int mEnterAnim -> e
    int mExitAnim -> f
    int mPopEnterAnim -> g
    int mPopExitAnim -> h
    int mTransition -> i
    int mTransitionStyle -> j
    boolean mAddToBackStack -> k
    boolean mAllowAddToBackStack -> l
    java.lang.String mName -> m
    boolean mCommitted -> n
    int mIndex -> o
    int mBreadCrumbTitleRes -> p
    java.lang.CharSequence mBreadCrumbTitleText -> q
    int mBreadCrumbShortTitleRes -> r
    java.lang.CharSequence mBreadCrumbShortTitleText -> s
    java.util.ArrayList mSharedElementSourceNames -> t
    java.util.ArrayList mSharedElementTargetNames -> u
    java.lang.String toString() -> toString
    void dump(java.lang.String,java.io.FileDescriptor,java.io.PrintWriter,java.lang.String[]) -> a
    void dump(java.lang.String,java.io.PrintWriter,boolean) -> a
    void addOp(android.support.v4.app.BackStackRecord$Op) -> a
    android.support.v4.app.FragmentTransaction add(int,android.support.v4.app.Fragment,java.lang.String) -> a
    void doAddOp(int,android.support.v4.app.Fragment,java.lang.String,int) -> a
    android.support.v4.app.FragmentTransaction detach(android.support.v4.app.Fragment) -> a
android.support.v4.app.BackStackRecord$1 -> android.support.v4.app.f:
    android.support.v4.app.Fragment val$inFragment -> a
    android.support.v4.app.BackStackRecord this$0 -> b
    android.view.View getView() -> a
android.support.v4.app.BackStackRecord$2 -> android.support.v4.app.g:
    android.view.View val$sceneRoot -> a
    java.lang.Object val$sharedElementTransition -> b
    java.util.ArrayList val$sharedElementTargets -> c
    android.support.v4.app.BackStackRecord$TransitionState val$state -> d
    boolean val$isBack -> e
    android.support.v4.app.Fragment val$inFragment -> f
    android.support.v4.app.Fragment val$outFragment -> g
    android.support.v4.app.BackStackRecord this$0 -> h
    boolean onPreDraw() -> onPreDraw
android.support.v4.app.BackStackRecord$3 -> android.support.v4.app.h:
    android.view.View val$sceneRoot -> a
    android.support.v4.app.BackStackRecord$TransitionState val$state -> b
    int val$containerId -> c
    java.lang.Object val$transition -> d
    android.support.v4.app.BackStackRecord this$0 -> e
    boolean onPreDraw() -> onPreDraw
android.support.v4.app.BackStackRecord$Op -> android.support.v4.app.i:
    android.support.v4.app.BackStackRecord$Op next -> a
    android.support.v4.app.BackStackRecord$Op prev -> b
    int cmd -> c
    android.support.v4.app.Fragment fragment -> d
    int enterAnim -> e
    int exitAnim -> f
    int popEnterAnim -> g
    int popExitAnim -> h
    java.util.ArrayList removed -> i
android.support.v4.app.BackStackRecord$TransitionState -> android.support.v4.app.j:
    android.support.v4.util.ArrayMap nameOverrides -> a
    java.util.ArrayList hiddenFragmentViews -> b
    android.support.v4.app.FragmentTransitionCompat21$EpicenterView enteringEpicenterView -> c
    android.view.View nonExistentView -> d
    android.support.v4.app.BackStackRecord this$0 -> e