TangShiSongCI/proguard/usage.txt
android.support.v7.app.ActionBar$TabListener
android.support.v7.app.ActionBarActivity:
    59:59:public ActionBarActivity()
    92:93:public void setSupportActionBar(android.support.v7.widget.Toolbar)
    194:194:public boolean supportRequestWindowFeature(int)
    228:228:public android.support.v7.view.ActionMode startSupportActionMode(android.support.v7.view.ActionMode$Callback)
    260:261:void superSetContentView(int)
    268:269:void superSetContentView(android.view.View,android.view.ViewGroup$LayoutParams)
    272:273:void superAddContentView(android.view.View,android.view.ViewGroup$LayoutParams)
    313:314:public void setSupportProgressBarVisibility(boolean)
    327:328:public void setSupportProgressBarIndeterminateVisibility(boolean)
    342:343:public void setSupportProgressBarIndeterminate(boolean)
    358:359:public void setSupportProgress(int)
    504:504:public final android.support.v4.app.ActionBarDrawerToggle$Delegate getDrawerToggleDelegate()
    513:513:public android.support.v7.app.ActionBarDrawerToggle$Delegate getV7DrawerToggleDelegate()
android.support.v7.app.ActionBarActivityDelegate:
    static final java.lang.String METADATA_UI_OPTIONS
    private static final java.lang.String TAG
    134:135:protected final void setSupportActionBar(android.support.v7.app.ActionBar)
    abstract void setSupportActionBar(android.support.v7.widget.Toolbar)
    abstract boolean supportRequestWindowFeature(int)
    abstract android.support.v7.view.ActionMode startSupportActionMode(android.support.v7.view.ActionMode$Callback)
    abstract void setSupportProgressBarVisibility(boolean)
    abstract void setSupportProgressBarIndeterminateVisibility(boolean)
    abstract void setSupportProgressBarIndeterminate(boolean)
    abstract void setSupportProgress(int)
    228:228:final android.support.v4.app.ActionBarDrawerToggle$Delegate getDrawerToggleDelegate()
    232:232:final android.support.v7.app.ActionBarDrawerToggle$Delegate getV7DrawerToggleDelegate()
    abstract int getHomeAsUpIndicatorAttrId()
    241:253:final java.lang.String getUiOptionsFromMetadata()
    abstract android.support.v7.view.ActionMode startSupportActionModeFromWindow(android.support.v7.view.ActionMode$Callback)
    312:316:final void setWindowCallback(android.support.v7.internal.app.WindowCallback)
android.support.v7.app.ActionBarActivityDelegate$1:
    99:99:public android.support.v7.view.ActionMode startActionMode(android.support.v7.view.ActionMode$Callback)
android.support.v7.app.ActionBarActivityDelegate$ActionBarDrawableToggleImpl
android.support.v7.app.ActionBarActivityDelegateBase:
    private static final java.lang.String TAG
    163:182:void setSupportActionBar(android.support.v7.widget.Toolbar)
    437:460:public boolean supportRequestWindowFeature(int)
    692:692:void setSupportProgressBarVisibility(boolean)
    697:697:void setSupportProgressBarIndeterminateVisibility(boolean)
    702:702:void setSupportProgressBarIndeterminate(boolean)
    707:707:void setSupportProgress(int)
    711:711:int getHomeAsUpIndicatorAttrId()
    774:781:private void openPanel(int,android.view.KeyEvent)
    1264:1277:private void ensureToolbarListMenuPresenter()
    1280:1284:private void throwFeatureRequestIfSubDecorInstalled()
android.support.v7.app.ActionBarActivityDelegateBase$PanelFeatureState:
    boolean wasLastOpen
    android.os.Bundle frozenMenuState
    1448:1452:public void clearMenuPresenters()
    1507:1516:android.os.Parcelable onSaveInstanceState()
    1520:1527:void onRestoreInstanceState(android.os.Parcelable)
    1530:1534:void applyFrozenState()
android.support.v7.app.ActionBarActivityDelegateBase$PanelFeatureState$SavedState:
    1536:1536:synthetic ActionBarActivityDelegateBase$PanelFeatureState$SavedState(android.support.v7.app.ActionBarActivityDelegateBase$1)
android.support.v7.app.ActionBarDrawerToggle
android.support.v7.app.ActionBarDrawerToggle$1
android.support.v7.app.ActionBarDrawerToggle$Delegate